<?xml version="1.0" encoding="UTF-8"?>
<!-- Generated by org.testng.reporters.JUnitXMLReporter -->
<testsuite ignored="1" hostname="INHYNSVUPPALA01" failures="0" tests="6" name="Car Loan" time="0.078" errors="0" timestamp="2025-01-09T10:52:20 IST">
  <testcase classname="Test.Day3" name="MobileLoginLoan" time="0.0"/>
  <testcase classname="Test.Day3" name="MobileLoginLoanSignout" time="0.0"/>
  <testcase classname="Test.Day3" name="MobileLoginLoanSignout" time="0.001"/>
  <testcase classname="Test.Day3" name="MobileLoginLoanSignout" time="0.0"/>
  <testcase classname="Test.Day3" name="WebloginLoan" time="0.001"/>
  <testcase classname="Test.Day3" name="LoginAPILoan" time="0.0"/>
  <testcase classname="Test.Day3" name="MobileLoginLoanSignin" time="0.0">
    <ignored/>
  </testcase> <!-- MobileLoginLoanSignin -->
</testsuite> <!-- Car Loan -->
